<?xml version="1.0" encoding="UTF-8"?>
<!-- Generated by org.testng.reporters.JUnitXMLReporter -->
<testsuite ignored="0" hostname="Bobby" failures="0" tests="45" name="Test" time="0.212" errors="0" timestamp="2024-10-20T20:00:36 IST">
  <testcase classname="library.BaseLibrary" name="@BeforeSuite launchBrowser" time="-1.729434636319E9">
    <failure type="org.testng.TestNGException" message="
Parameter &amp;apos;browser&amp;apos; is required by BeforeSuite on method launchBrowser but has not been marked @Optional or defined
in C:\Users\Gadget gully\eclipse-workspace\15SepSelenium_Automation\testng.xml">
      <![CDATA[org.testng.TestNGException: 
Parameter 'browser' is required by BeforeSuite on method launchBrowser but has not been marked @Optional or defined
in C:\Users\Gadget gully\eclipse-workspace\15SepSelenium_Automation\testng.xml
... Removed 16 stack frames]]>
    </failure>
  </testcase> <!-- @BeforeSuite launchBrowser -->
  <testcase classname="test_Class.Buttons_test" name="@BeforeTest getLaunchUrl" time="-1.729434636334E9">
    <skipped/>
  </testcase> <!-- @BeforeTest getLaunchUrl -->
  <testcase classname="test_Class.Cheakbox_text" name="@BeforeTest getLaunchUrl" time="-1.729434636339E9">
    <skipped/>
  </testcase> <!-- @BeforeTest getLaunchUrl -->
  <testcase classname="test_Class.Links_test" name="@BeforeTest getLaunchUrl" time="-1.72943463634E9">
    <skipped/>
  </testcase> <!-- @BeforeTest getLaunchUrl -->
  <testcase classname="test_Class.Rediobuttons_test" name="@BeforeTest getLaunchUrl" time="-1.729434636342E9">
    <skipped/>
  </testcase> <!-- @BeforeTest getLaunchUrl -->
  <testcase classname="test_Class.Testbox_test" name="@BeforeTest getLaunchUrl" time="-1.729434636343E9">
    <skipped/>
  </testcase> <!-- @BeforeTest getLaunchUrl -->
  <testcase classname="test_Class.Webtable_test" name="@BeforeTest getLaunchUrl" time="-1.729434636344E9">
    <skipped/>
  </testcase> <!-- @BeforeTest getLaunchUrl -->
  <testcase classname="test_Class.login_Test" name="@BeforeTest getLauncUrl" time="-1.729434636345E9">
    <skipped/>
  </testcase> <!-- @BeforeTest getLauncUrl -->
  <testcase classname="library.BaseLibrary" name="@AfterMethod resultAnalysis" time="-1.729434636461E9">
    <skipped/>
  </testcase> <!-- @AfterMethod resultAnalysis -->
  <testcase classname="library.BaseLibrary" name="@AfterMethod resultAnalysis" time="-1.729434636468E9">
    <skipped/>
  </testcase> <!-- @AfterMethod resultAnalysis -->
  <testcase classname="library.BaseLibrary" name="@AfterMethod resultAnalysis" time="-1.729434636474E9">
    <skipped/>
  </testcase> <!-- @AfterMethod resultAnalysis -->
  <testcase classname="library.BaseLibrary" name="@AfterMethod resultAnalysis" time="-1.729434636478E9">
    <skipped/>
  </testcase> <!-- @AfterMethod resultAnalysis -->
  <testcase classname="library.BaseLibrary" name="@AfterMethod resultAnalysis" time="-1.72943463648E9">
    <skipped/>
  </testcase> <!-- @AfterMethod resultAnalysis -->
  <testcase classname="library.BaseLibrary" name="@AfterMethod resultAnalysis" time="-1.729434636487E9">
    <skipped/>
  </testcase> <!-- @AfterMethod resultAnalysis -->
  <testcase classname="test_Class.Buttons_test" name="clickonclose" time="0.0">
    <skipped/>
  </testcase> <!-- clickonclose -->
  <testcase classname="test_Class.Buttons_test" name="clickonPractice" time="0.0">
    <skipped/>
  </testcase> <!-- clickonPractice -->
  <testcase classname="test_Class.Buttons_test" name="clickonelement" time="0.0">
    <skipped/>
  </testcase> <!-- clickonelement -->
  <testcase classname="test_Class.Buttons_test" name="clickonbuttons" time="0.0">
    <skipped/>
  </testcase> <!-- clickonbuttons -->
  <testcase classname="test_Class.Buttons_test" name="clickondoubleclickme" time="0.0">
    <skipped/>
  </testcase> <!-- clickondoubleclickme -->
  <testcase classname="test_Class.Buttons_test" name="clickme" time="0.0">
    <skipped/>
  </testcase> <!-- clickme -->
  <testcase classname="test_Class.Buttons_test" name="clickonrightclickme" time="0.0">
    <skipped/>
  </testcase> <!-- clickonrightclickme -->
  <testcase classname="test_Class.Testbox_test" name="clickonclose" time="0.0">
    <skipped/>
  </testcase> <!-- clickonclose -->
  <testcase classname="test_Class.Testbox_test" name="clickonpratice" time="0.0">
    <skipped/>
  </testcase> <!-- clickonpratice -->
  <testcase classname="test_Class.Testbox_test" name="clickonelement" time="0.0">
    <skipped/>
  </testcase> <!-- clickonelement -->
  <testcase classname="test_Class.Testbox_test" name="clickontextbox" time="0.0">
    <skipped/>
  </testcase> <!-- clickontextbox -->
  <testcase classname="test_Class.Testbox_test" name="clickonsubmit" time="0.0">
    <skipped/>
  </testcase> <!-- clickonsubmit -->
  <testcase classname="test_Class.Testbox_test" name="validate" time="0.0">
    <skipped/>
  </testcase> <!-- validate -->
  <testcase classname="test_Class.Webtable_test" name="clickonclose" time="0.0">
    <skipped/>
  </testcase> <!-- clickonclose -->
  <testcase classname="test_Class.Webtable_test" name="clickonpractice" time="0.0">
    <skipped/>
  </testcase> <!-- clickonpractice -->
  <testcase classname="test_Class.Webtable_test" name="clickonelement" time="0.0">
    <skipped/>
  </testcase> <!-- clickonelement -->
  <testcase classname="test_Class.Webtable_test" name="clickonfilldetails" time="0.0">
    <skipped/>
  </testcase> <!-- clickonfilldetails -->
  <testcase classname="test_Class.Cheakbox_text" name="clickonclose" time="0.0">
    <skipped/>
  </testcase> <!-- clickonclose -->
  <testcase classname="test_Class.Cheakbox_text" name="clickonpractice" time="0.0">
    <skipped/>
  </testcase> <!-- clickonpractice -->
  <testcase classname="test_Class.Cheakbox_text" name="clickonelement" time="0.0">
    <skipped/>
  </testcase> <!-- clickonelement -->
  <testcase classname="test_Class.Cheakbox_text" name="clickoncheakbox" time="0.0">
    <skipped/>
  </testcase> <!-- clickoncheakbox -->
  <testcase classname="test_Class.Cheakbox_text" name="clickonmobile" time="0.0">
    <skipped/>
  </testcase> <!-- clickonmobile -->
  <testcase classname="test_Class.Cheakbox_text" name="clickonleptop" time="0.0">
    <skipped/>
  </testcase> <!-- clickonleptop -->
  <testcase classname="test_Class.login_Test" name="clickonclose" time="0.0">
    <skipped/>
  </testcase> <!-- clickonclose -->
  <testcase classname="test_Class.login_Test" name="getTitleofthepage" time="0.0">
    <skipped/>
  </testcase> <!-- getTitleofthepage -->
  <testcase classname="test_Class.login_Test" name="geturlofthepage" time="0.0">
    <skipped/>
  </testcase> <!-- geturlofthepage -->
  <testcase classname="test_Class.Links_test" name="clickonclose" time="0.0">
    <skipped/>
  </testcase> <!-- clickonclose -->
  <testcase classname="test_Class.Links_test" name="clickonpratice" time="0.0">
    <skipped/>
  </testcase> <!-- clickonpratice -->
  <testcase classname="test_Class.Links_test" name="clickonelement" time="0.0">
    <skipped/>
  </testcase> <!-- clickonelement -->
  <testcase classname="test_Class.Links_test" name="clickonlinks" time="0.0">
    <skipped/>
  </testcase> <!-- clickonlinks -->
  <testcase classname="test_Class.Links_test" name="clickondemopage" time="0.0">
    <skipped/>
  </testcase> <!-- clickondemopage -->
  <testcase classname="test_Class.Links_test" name="clickoncreated" time="0.0">
    <skipped/>
  </testcase> <!-- clickoncreated -->
  <testcase classname="test_Class.Links_test" name="clickonnocontent" time="0.0">
    <skipped/>
  </testcase> <!-- clickonnocontent -->
  <testcase classname="test_Class.Links_test" name="clickonmoved" time="0.0">
    <skipped/>
  </testcase> <!-- clickonmoved -->
  <testcase classname="test_Class.Links_test" name="clickonbadrequest" time="0.0">
    <skipped/>
  </testcase> <!-- clickonbadrequest -->
  <testcase classname="test_Class.Links_test" name="clickonUnauthorized" time="0.0">
    <skipped/>
  </testcase> <!-- clickonUnauthorized -->
  <testcase classname="test_Class.Links_test" name="clickonForbidden" time="0.0">
    <skipped/>
  </testcase> <!-- clickonForbidden -->
  <testcase classname="test_Class.Links_test" name="clickonnotFound" time="0.0">
    <skipped/>
  </testcase> <!-- clickonnotFound -->
  <testcase classname="test_Class.Rediobuttons_test" name="clickonclose" time="0.0">
    <skipped/>
  </testcase> <!-- clickonclose -->
  <testcase classname="test_Class.Rediobuttons_test" name="clickonpractice" time="0.0">
    <skipped/>
  </testcase> <!-- clickonpractice -->
  <testcase classname="test_Class.Rediobuttons_test" name="clickonelement" time="0.0">
    <skipped/>
  </testcase> <!-- clickonelement -->
  <testcase classname="test_Class.Rediobuttons_test" name="clickonRediobtn" time="0.0">
    <skipped/>
  </testcase> <!-- clickonRediobtn -->
  <testcase classname="test_Class.Rediobuttons_test" name="clickonyesbtn" time="0.0">
    <skipped/>
  </testcase> <!-- clickonyesbtn -->
  <testcase classname="test_Class.Rediobuttons_test" name="clickonimpressive" time="0.0">
    <skipped/>
  </testcase> <!-- clickonimpressive -->
  <testcase classname="test_Class.Rediobuttons_test" name="clickonno" time="0.0">
    <skipped/>
  </testcase> <!-- clickonno -->
</testsuite> <!-- Test -->
