<?xml version="1.0" encoding="UTF-8"?>
<!-- Generated by org.testng.reporters.JUnitReportReporter -->
<testsuite hostname="Bobby" failures="0" tests="3" name="test_Class.login_Test" time="0.000" errors="0" timestamp="2024-10-20T20:00:37 IST" skipped="3">
  <testcase classname="test_Class.login_Test" name="clickonclose" time="0.000">
    <skipped/>
  </testcase> <!-- clickonclose -->
  <system-out/>
  <testcase classname="test_Class.login_Test" name="getTitleofthepage" time="0.000">
    <skipped/>
  </testcase> <!-- getTitleofthepage -->
  <system-out/>
  <testcase classname="test_Class.login_Test" name="geturlofthepage" time="0.000">
    <skipped/>
  </testcase> <!-- geturlofthepage -->
  <system-out/>
</testsuite> <!-- test_Class.login_Test -->
