<?xml version="1.0" encoding="UTF-8"?>
<!-- Generated by org.testng.reporters.JUnitReportReporter -->
<testsuite hostname="Bobby" failures="0" tests="12" name="test_Class.Links_test" time="0.000" errors="0" timestamp="2024-10-20T20:00:37 IST" skipped="12">
  <testcase classname="test_Class.Links_test" name="clickonclose" time="0.000">
    <skipped/>
  </testcase> <!-- clickonclose -->
  <system-out/>
  <testcase classname="test_Class.Links_test" name="clickonpratice" time="0.000">
    <skipped/>
  </testcase> <!-- clickonpratice -->
  <system-out/>
  <testcase classname="test_Class.Links_test" name="clickonelement" time="0.000">
    <skipped/>
  </testcase> <!-- clickonelement -->
  <system-out/>
  <testcase classname="test_Class.Links_test" name="clickonlinks" time="0.000">
    <skipped/>
  </testcase> <!-- clickonlinks -->
  <system-out/>
  <testcase classname="test_Class.Links_test" name="clickondemopage" time="0.000">
    <skipped/>
  </testcase> <!-- clickondemopage -->
  <system-out/>
  <testcase classname="test_Class.Links_test" name="clickoncreated" time="0.000">
    <skipped/>
  </testcase> <!-- clickoncreated -->
  <system-out/>
  <testcase classname="test_Class.Links_test" name="clickonnocontent" time="0.000">
    <skipped/>
  </testcase> <!-- clickonnocontent -->
  <system-out/>
  <testcase classname="test_Class.Links_test" name="clickonmoved" time="0.000">
    <skipped/>
  </testcase> <!-- clickonmoved -->
  <system-out/>
  <testcase classname="test_Class.Links_test" name="clickonbadrequest" time="0.000">
    <skipped/>
  </testcase> <!-- clickonbadrequest -->
  <system-out/>
  <testcase classname="test_Class.Links_test" name="clickonUnauthorized" time="0.000">
    <skipped/>
  </testcase> <!-- clickonUnauthorized -->
  <system-out/>
  <testcase classname="test_Class.Links_test" name="clickonForbidden" time="0.000">
    <skipped/>
  </testcase> <!-- clickonForbidden -->
  <system-out/>
  <testcase classname="test_Class.Links_test" name="clickonnotFound" time="0.000">
    <skipped/>
  </testcase> <!-- clickonnotFound -->
  <system-out/>
</testsuite> <!-- test_Class.Links_test -->
