<?xml version="1.0" encoding="UTF-8"?>
<!-- Generated by org.testng.reporters.JUnitReportReporter -->
<testsuite hostname="Bobby" failures="0" tests="7" name="test_Class.Buttons_test" time="0.000" errors="0" timestamp="2024-10-20T20:00:37 IST" skipped="7">
  <testcase classname="test_Class.Buttons_test" name="clickonclose" time="0.000">
    <skipped/>
  </testcase> <!-- clickonclose -->
  <system-out/>
  <testcase classname="test_Class.Buttons_test" name="clickonPractice" time="0.000">
    <skipped/>
  </testcase> <!-- clickonPractice -->
  <system-out/>
  <testcase classname="test_Class.Buttons_test" name="clickonelement" time="0.000">
    <skipped/>
  </testcase> <!-- clickonelement -->
  <system-out/>
  <testcase classname="test_Class.Buttons_test" name="clickonbuttons" time="0.000">
    <skipped/>
  </testcase> <!-- clickonbuttons -->
  <system-out/>
  <testcase classname="test_Class.Buttons_test" name="clickondoubleclickme" time="0.000">
    <skipped/>
  </testcase> <!-- clickondoubleclickme -->
  <system-out/>
  <testcase classname="test_Class.Buttons_test" name="clickme" time="0.000">
    <skipped/>
  </testcase> <!-- clickme -->
  <system-out/>
  <testcase classname="test_Class.Buttons_test" name="clickonrightclickme" time="0.000">
    <skipped/>
  </testcase> <!-- clickonrightclickme -->
  <system-out/>
</testsuite> <!-- test_Class.Buttons_test -->
