<?xml version="1.0" encoding="UTF-8"?>
<!-- Generated by org.testng.reporters.JUnitReportReporter -->
<testsuite hostname="Bobby" failures="0" tests="7" name="test_Class.Cheakbox_text" time="-1729437184.000" errors="1" timestamp="2024-10-20T20:44:25 IST" skipped="6">
  <testcase classname="test_Class.Cheakbox_text" name="launchBrowser" time="-1729437184.000">
    <error message="
Parameter &#039;browser&#039; is required by BeforeSuite on method launchBrowser but has not been marked @Optional or defined
in C:\Users\Gadget gully\AppData\Local\Temp\testng-eclipse-488407257\testng-customsuite.xml" type="org.testng.TestNGException">
      <![CDATA[org.testng.TestNGException: 
Parameter 'browser' is required by BeforeSuite on method launchBrowser but has not been marked @Optional or defined
in C:\Users\Gadget gully\AppData\Local\Temp\testng-eclipse-488407257\testng-customsuite.xml
at org.testng.internal.Parameters.createParams(Parameters.java:270)
at org.testng.internal.Parameters.createParametersForMethod(Parameters.java:358)
at org.testng.internal.Parameters.createParameters(Parameters.java:700)
at org.testng.internal.Parameters.createConfigurationParameters(Parameters.java:168)
at org.testng.internal.ConfigInvoker.invokeConfigurations(ConfigInvoker.java:302)
at org.testng.SuiteRunner.privateRun(SuiteRunner.java:317)
at org.testng.SuiteRunner.run(SuiteRunner.java:276)
at org.testng.SuiteRunnerWorker.runSuite(SuiteRunnerWorker.java:53)
at org.testng.SuiteRunnerWorker.run(SuiteRunnerWorker.java:96)
at org.testng.TestNG.runSuitesSequentially(TestNG.java:1212)
at org.testng.TestNG.runSuitesLocally(TestNG.java:1134)
at org.testng.TestNG.runSuites(TestNG.java:1063)
at org.testng.TestNG.run(TestNG.java:1031)
at org.testng.remote.AbstractRemoteTestNG.run(AbstractRemoteTestNG.java:115)
at org.testng.remote.RemoteTestNG.initAndRun(RemoteTestNG.java:293)
at org.testng.remote.RemoteTestNG.main(RemoteTestNG.java:91)
]]>
    </error>
  </testcase> <!-- launchBrowser -->
  <system-out/>
  <testcase classname="test_Class.Cheakbox_text" name="clickonclose" time="0.000">
    <skipped/>
  </testcase> <!-- clickonclose -->
  <system-out/>
  <testcase classname="test_Class.Cheakbox_text" name="clickonpractice" time="0.000">
    <skipped/>
  </testcase> <!-- clickonpractice -->
  <system-out/>
  <testcase classname="test_Class.Cheakbox_text" name="clickonelement" time="0.000">
    <skipped/>
  </testcase> <!-- clickonelement -->
  <system-out/>
  <testcase classname="test_Class.Cheakbox_text" name="clickoncheakbox" time="0.000">
    <skipped/>
  </testcase> <!-- clickoncheakbox -->
  <system-out/>
  <testcase classname="test_Class.Cheakbox_text" name="clickonmobile" time="0.000">
    <skipped/>
  </testcase> <!-- clickonmobile -->
  <system-out/>
  <testcase classname="test_Class.Cheakbox_text" name="clickonleptop" time="0.000">
    <skipped/>
  </testcase> <!-- clickonleptop -->
  <system-out/>
</testsuite> <!-- test_Class.Cheakbox_text -->
