<?xml version="1.0" encoding="UTF-8"?>
<!-- Generated by org.testng.reporters.JUnitReportReporter -->
<testsuite hostname="Bobby" failures="0" tests="4" name="test_Class.Webtable_test" time="0.000" errors="0" timestamp="2024-10-20T20:00:37 IST" skipped="4">
  <testcase classname="test_Class.Webtable_test" name="clickonclose" time="0.000">
    <skipped/>
  </testcase> <!-- clickonclose -->
  <system-out/>
  <testcase classname="test_Class.Webtable_test" name="clickonpractice" time="0.000">
    <skipped/>
  </testcase> <!-- clickonpractice -->
  <system-out/>
  <testcase classname="test_Class.Webtable_test" name="clickonelement" time="0.000">
    <skipped/>
  </testcase> <!-- clickonelement -->
  <system-out/>
  <testcase classname="test_Class.Webtable_test" name="clickonfilldetails" time="0.000">
    <skipped/>
  </testcase> <!-- clickonfilldetails -->
  <system-out/>
</testsuite> <!-- test_Class.Webtable_test -->
